/en-US/docs/Web/API/MediaTrackConstraints/sharpness
/en-US/docs/Web/Apps/Tutorials/General/App_code
/en-US/docs/Web/HTML/Element/video&nbsp
/en-US/docs/Web/HTML/Elementxyz
/en-US/docs/Web/HTML/xyz/Element
/en-US/docs/Web/CSS/@namespace%255C%2522
/en-US/docs/Web/HTMLxyz/Element
/en-US/docs/Zombie_compartments%255C%2522
/en-US/docs/Glossary/%25E3%2580%258CHTML%25E3%2580%258D
/en-US/docs/xyz/Web/HTML/Element
/en-US/docs/Web/API/Document/cookie/Simple_document.cookie_framework
/en-US/docs/DOM/element.clientLeft
/en-US/docs/DOM/Event/UIEvent/KeyboardEvent
/en-US/docs/Web/API/LinkStyle/sheet
/en-US/docs/DOM/event/keypress
/en-US/docs/Web/Apps/Tutorials/General/Testing_the_app
/en-US/docs/Learn/CSS/CSS_layout/Flexbox)
/en-US/docs/C++_Portability_Guide
/en-US/docs/Web/API/ServiceWorkerGlobalScope/onbackgroundfetchfail
/en-US/docs/Web/HTTP/Status%2523Server_error_responses
/en-US/docs/Web/API/MediaTrackSupportedConstraints/zoom
/en-US/docs/Web/JavaScript/Reference/Functions/arguments)
/en-US/docs/Web/API/SVGAnimationElement/endElement
/en-US/docs/Learn/WebGL
/en-US/docs/Web/API/WindowEventHandlers/onoffline
/en-US/docs/Web/Apps/Index
/en-US/docs/Mozilla/Debugging/en/Debugging_Frame_Reflow
/en-US/docs/Web/JavaScript/Reference/Global_Objects/Array/some/favicon.ico
/en-US/docs/Web/Guide/CSS/Writing_efficient_CSS
/en-US/docs/Web/HTML/Attributes%2523Attribute_list
/en-US/docs/Web/API/HTMLLinkElement/charset
/en-US/docs/Web/JavaScript/Reference/template_strings%255C%2522
/en-US/docs/Web/API/AudioNodeMediaElementAudioSourceNode
/en-US/docs/Mozilla/Mobile/Viewport_meta_tag)
/en-US/docs/Web/Apps/Fundamentals/gather_and_modify_data/Responding_to_light_conditions
/en-US/docs/Tools/Remote_Debugging/Debugging_F
/en-US/docs/Web/HTTP/Headers/Feature-Policy/speaker
/en-US/docs/Web/API/SVGElement/ondrop
/en-US/docs/Web/Apps/Fundamentals/Offline
/en-US/docs/Tools/Remote_Debugging/Debugging_Firefox_for_Android_with_WebIDE
/en-US/docs/Web/JavaScript/Reference/Global_Objects/Array/prototype
/en-US/docs/Web/JavaScript/Reference/Global_Objects/Array/mapk0PfDSRUw
/en-US/docs/Web/JavaScript/About_JavaScript.
/en-US/docs/Web/JavaScript/Reference/Global_Objects/%2520Array%2520/%2520isArray
/en-US/docs/Web/API/ParentNode/null
/en-US/docs/Mozilla/Firefox_OS/API/IccCardLockErrorEvent
/en-US/docs/Mozilla/Mercurial/Installing_Mercurial
/en-US/docs/MDN/About/MDN_services
/en-US/docs/Web/API/DocumentFragment/getElementById
/en-US/docs/Web/API/HTMLStyleElement/disabled
/en-US/docs/Web/API/WindowEventHandlers/onhashchange)
/en-US/docs/Web/JavaScript/Reference/Global_Objects/Object/none
/en-US/docs/Web/API/FileSystem/createFile
/en-US/docs/Web/API/NavigationPreloadManager/disable
/en-US/docs/JavaScript/Reference/Global_Objects/Array/forEach%2522
/en-US/docs/Learn/HTML/Introduction_to_HTMLxyz/Document_and_website_structure
/en-US/docs/%25E7%25BD%2591%25E5%259D%2580
/en-US/docs/Web/Reference/Events/close
/en-US/docs/Tools/Remote_Debugging/D
/en-US/docs/MDN/About/Reading
/en-US/docs/Web/API/EntityReference
/en-US/docs/Web/API/DOMConfiguration
/en-US/docs/Web/API/DOMImplementationRegistry
/en-US/docs/Web/API/DOMImplementationList
/en-US/docs/Web/API/DOMErrorHandler
/en-US/docs/Web/API/Entity
/en-US/docs/Web/API/DOMImplementationSource
/en-US/docs/Web/HTTP/CORS/Errors/CORSPreflightDidNotSucceed2
/en-US/docs/Web/Accessibility/ARIA/Roles/Alertdialog_Role
/en-US/docs/Web/API/SVGForeignObjectElement/width
/en-US/docs/Web/XSLT/en/XPath
/en-US/docs/Web/CSS/CSS30
/en-US/docs/Web/HTML/Element/CLL_InputPlayerMetrics
/en-US/docs/ARIA/ARIA_Guides/Managing_Modal_and_Non_Modal_Dialogs
/en-US/docs/Web/HTML/Element/a%255C%255C%255C
/en-US/docs/Web/API/Beacon_API%255C%2522
/en-US/docs/Web/HTML/Element/kbd%255C%255C%255C
/en-US/docs/Web/JavaScript/New_in_JavaScript/ECMAScript_6_support_in_Mozilla%255C%2522
/en-US/docs/Web/API/en
/en-US/docs/Web/Apps/Fundamentals/gather_and_modify_data/Updating_phone_contacts_from_the_web
/en-US/docs/Web/SVG/Element/mesh
/en-US/docs/Web/Apps/Rec_Room_-_Web_APIs
/en-US/docs/MDN/Index
/en-US/docs/Web/SVG/Element/meshgradient
/en-US/docs/Web/API/TextDecoder/fatal
/en-US/docs/Web/API/MediaStream/xyz
/en-US/docs/Web/API/Node/hasAttributes
/en-US/docs/Web/API/MediaStreamxyz
/en-US/docs/%2520Web%2520/%2520JavaScript%2520/%2520Referencia%2520/%2520Declaraciones%2520/%2520break
/en-US/docs/xyz/Web/API/MediaStream
/en-US/docs/Web/JavaScript/Reference/Global_Objects/SIMD/minNum
/en-US/docs/Web/API/DOMQuad/DOMQuad
/en-US/docs/Web/JavaScript/Guide/linear-gradient(-271deg,%2520rgb(61,%2520126,%2520154),%2520rgb(228,%2520240,%2520245))
/en-US/docs/Web/Apps/Tutorials/Debugging_the_app
/en-US/docs/Mozilla/Tech/XPCOM/Reference/Glue_classes/nsAString/en/NsAString/BeginReading
/en-US/docs/Web/API/CharacterData/deleteData
/en-US/docs/Web/API/SVGFECompositeElement/k4
/en-US/docs/Learn/HTMLxyz/Introduction_to_HTML/Document_and_website_structure
/en-US/docs/Web/JavaScript/Reference%2520/Statements/for_each...in
/en-US/docs/Learn/xyz/HTML/Introduction_to_HTML/Document_and_website_structure
/en-US/docs/Learnxyz/HTML/Introduction_to_HTML/Document_and_website_structure
/en-US/docs/Learn/CSS/Building_blocks/Values_and_units/en-US/docs/Learn/CSS/Building_blocks/The_box_model
/en-US/docs/Web/HTML/Link_types%2523noreferrer
/en-US/docs/Web/API/HTMLTableRowElement.vAlign
/en-US/docs/Web/HTTP/Status/en-US/docs/Web/HTTP/Status/100
/en-US/docs/Web/HTTP/Status/en-US/docs/Web/HTTP/Status/101
/en-US/docs/Web/API/GlobalEventHandlers/ontimeupdate
/en-US/docs/Mozilla/Tech/XUL/Overlays
/en-US/docs/Web/XML/xml
/en-US/docs/Web/JavaScript/Reference/Global_Objects/%2520array%2520/%2520de
/en-US/docs/Web/API/SVGLineElement/x1
/en-US/docs/Web/JavaScript/Reference/Global_Objects/String/replace%25EF%25BC%2589
/en-US/docs/Web/API/AudioStreamTrack
/en-US/docs/Learn/HTML/Introduction_to_HTML/Document_and_website_structure/xyz
/en-US/docs/web/javascript/reference/global_objects/simd/fromint8x16bits
/en-US/docs/Web/HTML/Attributes/method
/en-US/docs/Web/JavaScript/Reference/Operators/instanceof%255C%2522
/en-US/docs/Web/API/GPUCommandEncoder/label
/en-US/docs/JavaScript/Reference/Global_Objects/Array/%25E7%259A%2584%25E5%259B%259E%25E8%25B0%2583forEachrel
/en-US/docs/Tools/Remote_Debugging/Chrome_Desktop%255C%2522
/en-US/docs/Learn/HTML/Introduction_to_HTML/Document_and_website_structurexyz
/en-US/docs/Web/API/WindowProxy
/en-US/docs/Learn/HTML/Introduction_to_HTML/xyz/Document_and_website_structure
/en-US/docs/Web/Accessibility/en/Accessibility/XForms/MonthsList
/en-US/docs/Web/API/SVGPathSegArcRel/r1
/en-US/docs/Mozilla/Mercurial
/en-US/docs/Tools/Performance/debugging
/en-US/docs/Web/API/RTCMediaStreamStats
/en-US/docs/Web/CSS/min-width%2523Examples
/en-US/docs/Web/XML/Introducci%25C3%25B3n_a_XML
/en-US/docs/RSS/Getting_Started/Broadcatching
/en-US/docs/RSS/Getting_Started/Advanced_Broadcatching
/en-US/docs/RSS/Getting_Started/Microformats
/en-US/docs/RSS/Getting_Started/Blogs
/en-US/docs/Web/API/WorkerNavigator/storage
/en-US/docs/MDN/About/Promote
/en-US/docs/Web/API/SVGPathSeg
/en-US/docs/Web/HTML/Element/body%255D
/en-US/docs/Web/API/Touch/touchleave_event
/en-US/docs/Web/API/Element/null
/en-US/docs/Mozilla/Firefox/Rel
/en-US/docs/Web/JavaScript/Reference/Global_Objects/Array/sort1001%25E6%2597%25A0%25E6%25A0%2587%25E9%25A2%2598
/en-US/docs/Web/API/MediaStreamTrack/overconstrained_event
/en-US/docs/Web/Apps/Basics
/en-US/docs/Web/API/BluetoothPairingHandle_%2528Firefox_OS%2529/accept
/en-US/docs/Web/%255C%2522/pt-PT/docs/Web/CSS%255C%2522
/en-US/docs/Learn/HTML/xyz/Introduction_to_HTML/Document_and_website_structure
/en-US/docs/Web/API/KeyboardEvent/en
/en-US/docs/Web/Manifest/name%2523q
/en-US/docs/Web/SVG/Element/res/Soleil.woff2
/en-US/docs/Web/API/HTMLSelectElement/select
/en-US/docs/Web/API/HTMLSelectElement/length
/en-US/docs/Web/API/MSGestureEvent/expansion
/en-US/docs/Web/HTML/Element/a-input
/en-US/docs/Mozilla/Mozilla_SVG_Project
/en-US/docs/Web/JavaScript/Reference/Global_Objects/Float32x4
/en-US/docs/Web/API/Element/getElementsByClassName%255C%2522
/en-US/docs/Web/JavaScript/Reference/Global_Objects/Promises
/en-US/docs/Web/API/TransitionEvent/propertyName
/en-US/docs/Web/API/%2520Window%2520/%2520parent
/en-US/docs/Web/HTML/Element/details/xyz
/en-US/docs/Web/HTML/Element/detailsxyz
/en-US/docs/Web/API/WebGLObject
/en-US/docs/Web/HTML/Element/script/en-US/docs/Web/API/Document/currentScript
/en-US/docs/Web/CSS/target-text
/en-US/docs/Web/HTML/Element/xyz/details
/en-US/docs/Web/HTTP/Headers/Ping-To
/en-US/docs/Web/JavaScript/Reference/Global_Objects/TypedArra%250D%250Ay
/en-US/docs/CSS%2527/display
/en-US/docs/CSS%27%5B%5D/display
/en-US/docs/CSS%22/display
/en-US/docs/CSSYYYYYYYYYYYYYYYYYYYY/display
/en-US/docs/CSS-99999999999999999999/display
/en-US/docs/CSS(/display
/en-US/docs/CSS99999999999999999999/display
/en-US/docs/CSS/display(
/en-US/docs/CSS/display99999999999999999999
/en-US/docs/Web/API/HTMLInputElement/chooseDirectory
/en-US/docs/CSS/display%2527
/en-US/docs/CSS/display%27%5B%5D
/en-US/docs/CSS/display%22
/en-US/docs/Web/API/%25E5%2585%2583%25E7%25B4%25A0
/en-US/docs/CSS/displayYYYYYYYYYYYYYYYYYYYY
/en-US/docs/CSS/display-99999999999999999999
/en-US/docs/Tools/Valence
/en-US/docs/Web/xyz/HTML/Element/details
/en-US/docs/Web/Guide/HTML/Forms/Sending_and_retrieving_form_data.
/en-US/docs/Webxyz/HTML/Element/details
/en-US/docs/Web/suanuocenfamil.wordpress.com/CSP/Introducing_Content_Security_Policy
/en-US/docs/Web/HTML/Element/el-input
/en-US/docs/xyz/Web/HTML/Element/details
/en-US/docs/Web/Media/Overview
/en-US/docs/Web/API/CanvasRenderingContext2D/globalCompositeOperation/n
/en-US/docs/CSS/text-wrap
/en-US/docs/Mozilla/Creating_Mercurial_User_Repositories
/en-US/docs/xyz/Learn/HTML/Introduction_to_HTML/Document_and_website_structure
/en-US/docs/Web/API/Barcode_Detector_API
/en-US/docs/Web/CSS/@left-middle
/en-US/docs/Mercurial/Using_Mercurial/Filter_a_Mercurial_Changelog_feed_by_Pushlog_directory_paths
/en-US/docs/Web/JavaScript/Reference/Global_Objects/DateTimeFormat/resolvedOptions%25EF%25BC%2589
/en-US/docs/Tools/Remote_Debugging/De
/en-US/docs/Web/Guide/HTML/Canvas_tutorial/Compositing%25E3%2580%2582
/en-US/docs/Web/JavaScript/Reference/Global_Objects/Float64x2
/en-US/docs/Web/%2520adresini%2520kullanarak%2520sonuncusundan%2520kald%25C4%25B1r%25C4%25B1n.%2520%253Ca%2520href=
/en-US/docs/Web/API/SVGDocument
/en-US/docs/MDN/Signing_in
/en-US/docs/Web/JavaScript/Reference/Global_Objects/Proxy/*
/en-US/docs/Web/API/TextRange/moveStart
/en-US/docs/Web/JavaScript/New_in_JavaScript/ECMAScript_6_support_in_Mozilla)
/en-US/docs/XPCOM_Interface_Reference/nsIClassInfo
/en-US/docs/Web/HTML/Elementxyz/details
/en-US/docs/Web/API/SVGTextPositioningElement/dx
/en-US/docs/CSS/displayUser/job/lib/AP_Resume_workcity.asp
/en-US/docs/CSS/linkayoussecurity3
/en-US/docs/Web/JavaScript/Reference/Global_Objects/Array/pop/ws
/en-US/docs/CSS/system/webos/login.html
/en-US/docs/CSS%27%22%5B%5D()/display
/en-US/docs/CSS/displayUser/job/lib/AP_Resume_Intention.asp
/en-US/docs/CSS/bGlua2Fub3Ztb3dtcnVzMw==
/en-US/docs/CSS/display%25df%2522
/en-US/docs/CSS/displayUser/job/lib/AP_Resume_Position.asp
/en-US/docs/CSS%25df%2527/display
/en-US/docs/CSS/display%27%22%5B%5D()
/en-US/docs/CSS/display%25df%2527
/en-US/docs/CSS%25df%2522/display
/en-US/docs/CSS/%3Clinkayous%22%27%3E(sec3)
/en-US/docs/CSS/displaystruts/webconsole.html
/en-US/docs/CSS/admin/login.asp
/en-US/docs/CSS/%3Cframeayous%22%27%3E(sec3)
/en-US/docs/CSS/admin.asp
/en-US/docs/CSS/system/login.asp
/en-US/docs/CSS/admin/admin_login.asp
/en-US/docs/CSS/display/xsstest
/en-US/docs/CSS/displaydb=admin&action=listRows&collection=1&find=array();phpinfo();exit
/en-US/docs/CSS/manage.asp
/en-US/docs/CSS/manage/login.asp
/en-US/docs/CSS/display$%7B100002-1%252b%27Anonymous_%27%252b%27security_S2015_test%27%7D.action
/en-US/docs/Mozilla/Firefox/Releases/77/page/2
/en-US/docs/Web/Apps/Fundamentals/Quickstart
/en-US/docs/Web/CSS/place-self%2523Specifications
/en-US/docs/Web/JavaScript/Reference/Global_Objects/Array/split
/en-US/docs/DOM/Mozilla%255C%255Event%255C%25255reference/DOMContentLoaded
/en-US/docs/Web/JavaScript/Reference/Statements/try%25E2%2580%25A6catch
/en-US/docs/Web/API/AudioWorkletNode/processorerror_event
/en-US/docs/Web/CSS/mask-position%2523q
/en-US/docs/Web/Apps/Tutorials/General/Foundations_of_an_HTML5_Web_App
/en-US/docs/Web/CSS/baseline-shift
/en-US/docs/Web/API/GlobalEventHandlers/onpointerlockchange
/en-US/docs/Web/API/Window%2520/%2520name
/en-US/docs/Web/JavaScript/New_in_JavaScript/Firefox_JavaScript_changelog
/en-US/docs/Web/API/node)
/en-US/docs/XUL%250A%250AAnd
/en-US/docs/Web/API/node).
/en-US/docs/Web/APIxyz/MediaStream
/en-US/docs/Web/CSS/frequency-percentag
/en-US/docs/Web/API/xyz/MediaStream
/en-US/docs/Web/traumshop.eu/Subresource_Integrity
/en-US/docs/Web/API/element)
/en-US/docs/Web/API/File_API
/en-US/docs/Web/Apps/Fundamentals/Performance/UI_Synchronicity
/en-US/docs/Web/API/CSSMathMin
/en-US/docs/Web/HTTP/Range_requests%25E2%2580%258B
/en-US/docs/Web/API/SVGFEOffsetElement/height
/en-US/docs/Web/Apps/Mobile_First
/en-US/docs/Web/API/HTMLCanvasElement.toDataURL%255C%2522
/en-US/docs/Web/WebDriver/Errors/NoSuchWindow
/en-US/docs/Web/API/DOMMatrixReadOnly/toString
/en-US/docs/Web/HTML/Element/xyz
/en-US/docs/Web/CSS/border-right-color%2523alpha-value
/en-US/docs/Glossary/%25D0%25BF%25D0%25BE%25D0%25B4%25D0%25BD%25D1%258F%25D1%2582%25D0%25B8%25D0%25B5
/en-US/docs/Web/JavaScript/Reference/Global_Objects/Array/concat/favicon.ico
/en-US/docs/Web/HTML/Attributes/action
/en-US/docs/Web/API/HTMLElement/onwebkitanimationend
/en-US/docs/Web/HTML/Element/nz-option
/en-US/docs/MDN/Contribute/Conventions
/en-US/docs/Web/API/StyleSheetList/item
/en-US/docs/Web/HTTP/Headers/Referrer-Policyreferrer
/en-US/docs/Web/API/WorkerNavigator/sendBeacon
/en-US/docs/Web/JavaScript/Reference/Global_Objects/forEach
/en-US/docs/Web/JavaScript/Reference/Global%255C_Objects/JSON/stringify
/en-US/docs/Web/JavaScript/Guide/Loops_and_iteratio
/en-US/docs/Web/API/DOMConfiguration/setParameter
/en-US/docs/Mozilla/Mobile/Viewport_meta_t%25E2%2580%258C%25E2%2580%258Bag
/en-US/docs/Web/API/HTMLMediaElement/mozSampleRate
/en-US/docs/Web/API/USBIsochronousInTransferPacket/USBIsochronousInTransferPacket
/en-US/docs/Web/JavaScript/Reference/Global_Objects/debugger
/en-US/docs/Web/API/Document/dragexit_event
/en-US/docs/Mozilla/JavaScript_code_modules/DownloadLastDir.jsm%2523Using_the_DownloadLastDir_object
/en-US/docs/Tools/GCLI
/en-US/docs/Web/HTML/Element/input/urltype=
/en-US/docs/Web/HTML/Element/rtc/xyz
/en-US/docs/Web/API/RTCOutboundRtpStreamStats/qualityLimitationDurations
/en-US/docs/Web/WebDriver/Errors/MoveTargetOutOfBounds
/en-US/docs/Web/JavaScript/Reference/Global
/en-US/docs/Web/API/URLSearchParams/URLSearchParam
/en-US/docs/Web/API/MediaTrackConstraints/focusMode
/en-US/docs/Web/HTML/Element/rtcxyz
/en-US/docs/Web/HTML/Element/FormItem
/en-US/docs/Web/HTML/xyz/Element/rtc
/en-US/docs/Web/API/ImageBitmapFactories
/en-US/docs/web/javascript/reference/global_objects/simd/fromfloat32x4
/en-US/docs/Web/HTMLxyz/Element/rtc
/en-US/docs/Web/API/NavigatorUserMediaError
/en-US/docs/Glossary/%25E5%25B9%2582%25E7%25AD%2589
/en-US/docs/Web/CSS/target-counter
/en-US/docs/Mozilla/tag/chat%2520core
/en-US/docs/Web/xyz/HTML/Element/rtc
/en-US/docs/Web/JavaScript/A_re-introduction_to_JavaScript%25C2%25A0
/en-US/docs/Web/JavaScript/A_re-introduction_to_JavaScript__;!!Bt8RZUm9aw!tyhDvBsbaO5GOQirE7K51ZGXx3wQOlJOSZadyGJeF0O7D9rW8p61LVoO
/en-US/docs/Web/API/SVGZoomEvent
/en-US/docs/Web/API/SVGPathSegArcRel
/en-US/docs/Webxyz/HTML/Element/rtc
/en-US/docs/Web/Events/sourceopen
/en-US/docs/Web/API/SVGPathSegCurvetoCubicSmoothAbs
/en-US/docs/Web/API/RTCPeerConnection/sendCandidateToRemotePeer
/en-US/docs/Web/Apps/Tutorials/Games/Serpent_game
/en-US/docs/xyz/Web/HTML/Element/rtc
/en-US/docs/Web/HTML/Element/svg
/en-US/docs/Web/API/Service_Worker_API/ws
/en-US/docs/Web/API/XMLHttpRequest%25EF%25BC%2589%25E7%259A%2584%25E6%2596%25B0%25E6%258A%2580%25E6%259C%25AF%25EF%25BC%258CWeb
/en-US/docs/DOM/HTMLSelectElement%255C%2522
/en-US/docs/Learn/JavaScript/Objects/Object%255C_building%255C_practice
/en-US/docs/Tools/en
/en-US/docs/Tools/de
/en-US/docs/xyz/Web/CSS/transition-timing-function
/en-US/docs/Web/JavaScript/Reference/Global_Objects/Number/MAX_SAFE_INTEGER).
/en-US/docs/Web/Accessibility/ARIA/Roles/en-US/docs/Web/HTML/Element/label
/en-US/docs/Tools/Remote_Debugging/Debugging_
/en-US/docs/Web/HTML/Element/Balloon
/en-US/docs/Glossary/Methode
/en-US/docs/Web/HTTP/none
/en-US/docs/Mozilla/Projects/NSS/PKCS11/Module_Installation,
/en-US/docs/Tools/WebIDE/Running_and_debugging_apps
/en-US/docs/tools/remote_debugging/debugging_firefox_for_android_with_webide
/en-US/docs/Web/HTTP/Headers/Content-Security-Policy%2523content
/en-US/docs/Web/API/VTTCue/size
/en-US/docs/Web/JavaScript/Reference/Global_Objects/%2520Array%2520/%2520splice
/en-US/docs/Web/API/HTMLElement/itemRef
/en-US/docs/Web/HTTP/Headers/Referer%255C%255C%255C
/en-US/docs/Web/JavaScript/Reference/Global_Objects/$ElementType
/en-US/docs/Glossary/Element1027%25E6%2597%25A0%25E6%25A0%2587%25E9%25A2%2598
/en-US/docs/Web/HTML/Element/el-button
/en-US/docs/Web/HTTP/Status/01
/en-US/docs/Web/HTTP/Status/1
/en-US/docs/Web/Guide/DOM/Whitespace_in_the_DOM1023%25E6%2597%25A0%25E6%25A0%2587%25E9%25A2%2598
/en-US/docs/Web/HTTP/Status/001
/en-US/docs/Glossary/Tag1026%25E6%2597%25A0%25E6%25A0%2587%25E9%25A2%2598
/en-US/docs/Mozilla/Tech/Accessibility/en/XForms/User_Interface_Elements/Hint
/en-US/docs/XUL/Attribute/flip
/en-US/docs/XUL/Attribute/fade
/en-US/docs/XUL/Attribute/busy
/en-US/docs/Web/API/SVGFEBlendElement/mode
/en-US/docs/Web/CSS/calc-sum
/en-US/docs/Web/API/PluginArray/refresh
/en-US/docs/Origin
/en-US/docs/Web/API/SyncRegistration
/en-US/docs/Web/API/PeriodicSyncRegistration
/en-US/docs/Web/HTML/Element/table/a
/en-US/docs/Traversing_an_HTML_table_with_JavaScript_and_DOM_Interfaces1035%25E6%2597%25A0%25E6%25A0%2587%25E9%25A2%2598
/en-US/docs/Web/API/Document_Object_Model1037Document%2520Object%2520Model%2520(DOM)%2520-%2520Web%2520APIs%2520%257C%2520MDN
/en-US/docs/DOM1037%25E6%2597%25A0%25E6%25A0%2587%25E9%25A2%2598
/en-US/docs/Tools/Debugger.Frame
/en-US/docs/Trash/Remote_debugging
/en-US/docs/Web/API/navigatorContentUtils
/en-US/docs/Mozilla/Tech/skins/common/icons/icon-trans.gif
/en-US/docs/javascript/reference/global_objects/function/bind_with_settimeout
/en-US/docs/Web/API/HTMLElement/attachInternals
/en-US/docs/Web/HTML/Element/h
/en-US/docs/Web/HTML/xyz/Element/marquee
/en-US/docs/Web/JavaScript/Reference/Global_Objects/RegExp/$2
/en-US/docs/Web/JavaScript/Reference/Global_Objects/RegExp/$5
/en-US/docs/Web/HTMLxyz/Element/marquee
/en-US/docs/Web/API/HTMLTableColElement/chOff
/en-US/docs/xyz/Web/HTML/Element/marquee
/en-US/docs/Web/Houdini/learn
/en-US/docs/Web/SVG/Element/animate%255C%2522
/en-US/docs/Web/JavaScript/Reference/Operators/Operator_Precedence%255C%2522
/en-US/docs/Web/JavaScript/Reference/for...of
/en-US/docs/Web/API/RTCSctpTransport/maxChannels
/en-US/docs/Web/API/%253Ca%2520href=
/en-US/docs/Web/API/URLurl%253D
/en-US/docs/CSS/display/n/trdisplayswap
/en-US/docs/Web/HTML/Element/ol&
/en-US/docs/Mozilla/Tech/XUL/Attribute/onpageshow
/en-US/docs/Web/API/HTMLAnchorElement/hreflang
/en-US/docs/Web/Guide%25E5%25A1%25AB%25E5%2585%2585%25E5%258F%25AF%25E7%2594%25A8%25E7%25A9%25BA%25E9%2597%25B4
/en-US/docs/Web/JavaScript/Reference/Global_Objects/Array/delete
/en-US/docs/Web/API/HTMLAnchorElement/coords
/en-US/docs/Web/API/HTMLAnchorElement/type
/en-US/docs/Web/API/HTMLAnchorElement/charset
/en-US/docs/Web/API/HTMLAnchorElement/name
/en-US/docs/XPCOM_Interface_Reference/nsIRILTelephonyCallback
/en-US/docs/Web/HTML/Elemento/input
/en-US/docs/Web/API/WebGLRenderingContext/originals
/en-US/docs/Web/xyz/HTML/Element/marquee
/en-US/docs/Gecko/Layers
/en-US/docs/Web/HTML/Elemento/input/ws
/en-US/docs/Webxyz/HTML/Element/marquee
/en-US/docs/Mozilla/Projects/NSS/en/NSS/SECItem
/en-US/docs/Web/API/HTMLInputElement/willValidate
/en-US/docs/Web/API/MIDIInput/midimessage_event
/en-US/docs/Web/API/NavigatorContentUtils
/en-US/docs/Plugins/Guide/Plug-in_Development_Overview/p2.index
/en-US/docs/Plugins/Guide/Plug-in_Development_Overview/content.jar
/en-US/docs/Plugins/Guide/Plug-in_Development_Overview/content.xml
/en-US/docs/Web/JavaScript/Reference/Op%25C3%25A9rateurs/Syntaxe_d%25C3%25A9composition
/en-US/docs/DOM/HTMLFormElement%255C%2522
/en-US/docs/Web/API/SVGSVGElement/createSVGRect
/en-US/docs/Web/API/SVGMatrix/c
/en-US/docs/Web/API/XMLHttpRequest/onprogress
/en-US/docs/Web/API/Worker/Missing_bracket_after_list
/en-US/docs/Web/JavaScript/Reference/Global_Objects/Reflect/Missing_initializer_in_const
/en-US/docs/Web/JavaScript/Reference/Global_Objects/Proxy/Missing_semicolon_before_statement
/en-US/docs/Web/Guide/DOM/Whitespace_in_the_DOM1024%25E6%2597%25A0%25E6%25A0%2587%25E9%25A2%2598
/en-US/docs/Web/JavaScript/Enumerability_and_ownership_of_sites.google.com
/en-US/docs/Web/JavaScript/Enumerability_and_ownership_of_www.bloglovin.com%252F%2540huayonline31%252F6684915
/en-US/docs/Whitespace_in_the_DOM1023%25E6%2597%25A0%25E6%25A0%2587%25E9%25A2%2598
/en-US/docs/Web/API/HTMLSourceElement/keySystem
/en-US/docs/Web/API/HTMLSourceElement/sizes
/en-US/docs/Web/API/HTMLSourceElement/src
/en-US/docs/JavaScript/Reference/Global_Objects/Object/defineProperty%2523Writable_attribute
/en-US/docs/Web/API/Element/getBoundingClientRect%255C%2522
/en-US/docs/Plugins/Guide/Plug-in_Development_Overview/content.xml.xz
/en-US/docs/Plugins/Guide/Plug-in_Development_Overview/compositeContent.jar
/en-US/docs/Plugins/Guide/Plug-in_Development_Overview/compositeContent.xml
/en-US/docs/Plugins/Guide/Plug-in_Development_Overview/site.xml
/en-US/docs/web/api/animationeffecttimingreadonly/easing
/en-US/docs/Web/API/NamedNodeMap,%255Cn
/en-US/docs/SpiderMonkey/Parser_API%255Cn/%255Cn
/en-US/docs/Web/Events/disconnected
/en-US/docs/Web/CSS/transition-timing-function/xyz
/en-US/docs/Web/API/RTCRtpStreamStats/mediaType
/en-US/docs/Web/CSS/transition-timing-functionxyz
/en-US/docs/Learn/Drafts/How_websites_work_with_databases
/en-US/docs/Web/CSS/xyz/transition-timing-function
/en-US/docs/Tools/Adding_a_panel_to_the_toolbox
/en-US/docs/Tools/Web_Console/Custom_output
/en-US/docs/Web/CSSxyz/transition-timing-function
/en-US/docs/Tools/Editor
/en-US/docs/Web/API/AudioWorkletGlobalScope/sampleRate
/en-US/docs/Web/HTTP/Headers/Set-Cookie/SameSite.
/en-US/docs/Web/API/Document/selectionEnd
/en-US/docs/Web/API/Document/selectionStart
/en-US/docs/Web/CSS/border-collapse&sa=U&ved=2ahUKEwjdw9v28I_sAhUDmYsKHdiEAqAQFjACegQICRAB&usg=AOvVaw1qikxzqw8Xg5fQWMBUD-B-
/en-US/docs/Web/API/TimeRanges%257CHTML5TimeRangesinstance
/en-US/docs/Web/xyz/CSS/transition-timing-function
/en-US/docs/Webxyz/CSS/transition-timing-function
/en-US/docs/Web/CSS/border-collapse&sa=U&ved=2ahUKEwim66O328frAhVCILkGHXySDKkQFjADegQIChAB&usg=AOvVaw1uWQPwLPmi9Co32hO9LSFy
/en-US/docs/Learn/Server-side/First_steps/%255C%255C%255C%2522/en-US/docs/Web/HTML/Element/iframe%255C%255C%255C%2522
/en-US/docs/Web/HTML/Element(for
/en-US/docs/JavaScript/Reference/Global_Objects/Function/bind%2522
/en-US/docs/Web/API/Element.attributes)
/en-US/docs/Web/API/HTMLButtonElement/name
/en-US/docs/Web/Guide/CSS/Media_queries%255C%2522
/en-US/docs/Web/API/wtfismyip.com/text
/en-US/docs/Mozilla/Firefox_OS/API/CallGroup
/en-US/docs/Web/HTML/Element/marqueexyz
/en-US/docs/Learn/Getting_started_with_the_web/null
/en-US/docs/Web/API/RTCRtpCodecParameters/clockRate
/en-US/docs/Web/Guide/HTML/Forms/My_first_HTML_form)
/en-US/docs/Web/API/HTMLDetailsElement/open
/en-US/docs/Web/HTML/Introduction_to_HTML/Document_and_website_structure
/en-US/docs/Web/API/EventTarget/addEventListener)%25EB%25A5%25BC
/en-US/docs/Mozilla/Firefox_OS/API/MozWifiStationChangeEvent
/en-US/docs/Web/API/KeyboardEvent/keyCode%255C%2522rel
/en-US/docs/Web/API/MSGestureEvent/gestureObject
/en-US/docs/DOM/Creating_and_triggering_events)
/en-US/docs/Web/JavaScript/Reference/Global_Objects/$ObjMap
/en-US/docs/Web/HTML/Element/result
/en-US/docs/Web/API/HTMLProgressElement/position
/en-US/docs/Web/API/PerformanceObserver/supportedEntryTypes
/en-US/docs/Web/API/HTMLAnchorElement/rev
/en-US/docs/Web/API/HTMLAnchorElement/shape
/en-US/docs/Web/API/HTMLAnchorElement/media
/en-US/docs/Web/API/HTMLAnchorElement/target
/en-US/docs/Web/API/HTMLAnchorElement/text
/en-US/docs/Web/Accessibility/Accessible_forms
/en-US/docs/Web/API/HTMLInputElement/valueAsNumber
/en-US/docs/Web/CSS/mid-width
/en-US/docs/Web/API/Document_object_model/Using_the_W3C_DOM_Level_1_Core1019%25E6%2597%25A0%25E6%25A0%2587%25E9%25A2%2598
/en-US/docs/Web/JavaScript/Reference/Global_Objects/String/Trim%255C%2522
/en-US/docs/Using_the_W3C_DOM_Level_1_Core1019%25E6%2597%25A0%25E6%25A0%2587%25E9%25A2%2598
/en-US/docs/Learn/JavaScript/Objects/Object-oriented_JS9
/en-US/docs/Web/HTML/Element/marquee/xyz
/en-US/docs/Web/API/notification/noscreen
/en-US/docs/Web/API/HTMLElement)s
/en-US/docs/Web/Guide/Events/Mutation%255Events
/en-US/docs/Web/API/MutationObserver)
/en-US/docs/Web/HTML/Element/xyz/marquee
/en-US/docs/Web/HTTP/Headers/Content-Range%2523Directives
/en-US/docs/Mozilla/Tech/XPCOM/Reference/Interface/nsISimpleStreamListener
/en-US/docs/Web/API/HTMLTableCellElement/scope
/en-US/docs/Screening
/en-US/docs/DOM/XMLHttpRequest%2523responseType).
/en-US/docs/Mozilla/Tech/XUL/Attribute/usemap
/en-US/docs/Web/HTML/Elementxyz/marquee
/en-US/docs/Web/API/%255C%255C%255C%2522/en-US/docs/Web/HTML/Element/audio%255C%255C%255C%2522
/en-US/docs/Web/API/element%253C/a%253E%253C/pre%253E%253C/div%253E%253Cdiv
/en-US/docs/Web/API/RTCIceServer/credentials
